<?xml version="1.0" encoding="UTF-8"?>
<testng-results skipped="0" failed="1" total="2" passed="1">
  <reporter-output>
  </reporter-output>
  <suite name="suiteOne" duration-ms="25277" started-at="2017-02-03T10:15:30Z" finished-at="2017-02-03T10:15:55Z">
    <groups>
    </groups>
    <test name="testOne" duration-ms="16016" started-at="2017-02-03T10:15:30Z" finished-at="2017-02-03T10:15:46Z">
      <class name="com.test.flipkart.LoginTest">
        <test-method status="PASS" signature="beforeTest(java.lang.String)[pri:0, instance:com.test.flipkart.LoginTest@9a7504c]" name="beforeTest" is-config="true" duration-ms="5586" started-at="2017-02-03T15:45:30Z" finished-at="2017-02-03T15:45:35Z">
          <params>
            <param index="0">
              <value>
                <![CDATA[firefox]]>
              </value>
            </param>
          </params>
          <reporter-output>
          </reporter-output>
        </test-method> <!-- beforeTest -->
        <test-method status="PASS" signature="loginTest()[pri:0, instance:com.test.flipkart.LoginTest@9a7504c]" name="loginTest" duration-ms="8868" started-at="2017-02-03T15:45:35Z" finished-at="2017-02-03T15:45:44Z">
          <reporter-output>
          </reporter-output>
        </test-method> <!-- loginTest -->
        <test-method status="PASS" signature="afterTest()[pri:0, instance:com.test.flipkart.LoginTest@9a7504c]" name="afterTest" is-config="true" duration-ms="1549" started-at="2017-02-03T15:45:44Z" finished-at="2017-02-03T15:45:46Z">
          <reporter-output>
          </reporter-output>
        </test-method> <!-- afterTest -->
      </class> <!-- com.test.flipkart.LoginTest -->
    </test> <!-- testOne -->
    <test name="testTwo" duration-ms="25277" started-at="2017-02-03T10:15:30Z" finished-at="2017-02-03T10:15:55Z">
      <class name="com.test.flipkart.SearchProduct">
        <test-method status="PASS" signature="beforeTest(java.lang.String)[pri:0, instance:com.test.flipkart.SearchProduct@a38d7a3]" name="beforeTest" is-config="true" duration-ms="10730" started-at="2017-02-03T15:45:30Z" finished-at="2017-02-03T15:45:40Z">
          <params>
            <param index="0">
              <value>
                <![CDATA[firefox]]>
              </value>
            </param>
          </params>
          <reporter-output>
          </reporter-output>
        </test-method> <!-- beforeTest -->
        <test-method status="FAIL" signature="searchProduct()[pri:0, instance:com.test.flipkart.SearchProduct@a38d7a3]" name="searchProduct" duration-ms="11350" started-at="2017-02-03T15:45:40Z" finished-at="2017-02-03T15:45:52Z">
          <exception class="java.lang.RuntimeException">
            <message>
              <![CDATA[Unable to perform click action on element[[FirefoxDriver: firefox on MAC (333af650-0ecb-704e-b54c-8835b2d0a331)] -> css selector: #nav-search-submit-text]]]>
            </message>
            <full-stacktrace>
              <![CDATA[java.lang.RuntimeException: Unable to perform click action on element[[FirefoxDriver: firefox on MAC (333af650-0ecb-704e-b54c-8835b2d0a331)] -> css selector: #nav-search-submit-text]
	at com.test.accelarators.ActionEngine.click(ActionEngine.java:66)
	at com.test.libs.AppLogin.searchItem(AppLogin.java:26)
	at com.test.flipkart.SearchProduct.searchProduct(SearchProduct.java:13)
	at sun.reflect.NativeMethodAccessorImpl.invoke0(Native Method)
	at sun.reflect.NativeMethodAccessorImpl.invoke(NativeMethodAccessorImpl.java:62)
	at sun.reflect.DelegatingMethodAccessorImpl.invoke(DelegatingMethodAccessorImpl.java:43)
	at java.lang.reflect.Method.invoke(Method.java:497)
	at org.testng.internal.MethodInvocationHelper.invokeMethod(MethodInvocationHelper.java:80)
	at org.testng.internal.Invoker.invokeMethod(Invoker.java:714)
	at org.testng.internal.Invoker.invokeTestMethod(Invoker.java:901)
	at org.testng.internal.Invoker.invokeTestMethods(Invoker.java:1231)
	at org.testng.internal.TestMethodWorker.invokeTestMethods(TestMethodWorker.java:127)
	at org.testng.internal.TestMethodWorker.run(TestMethodWorker.java:111)
	at org.testng.TestRunner.privateRun(TestRunner.java:767)
	at org.testng.TestRunner.run(TestRunner.java:617)
	at org.testng.SuiteRunner.runTest(SuiteRunner.java:334)
	at org.testng.SuiteRunner.access$000(SuiteRunner.java:37)
	at org.testng.SuiteRunner$SuiteWorker.run(SuiteRunner.java:368)
	at org.testng.internal.thread.ThreadUtil$2.call(ThreadUtil.java:64)
	at java.util.concurrent.FutureTask.run(FutureTask.java:266)
	at java.util.concurrent.ThreadPoolExecutor.runWorker(ThreadPoolExecutor.java:1142)
	at java.util.concurrent.ThreadPoolExecutor$Worker.run(ThreadPoolExecutor.java:617)
	at java.lang.Thread.run(Thread.java:745)
]]>
            </full-stacktrace>
          </exception> <!-- java.lang.RuntimeException -->
          <reporter-output>
          </reporter-output>
        </test-method> <!-- searchProduct -->
        <test-method status="PASS" signature="afterTest()[pri:0, instance:com.test.flipkart.SearchProduct@a38d7a3]" name="afterTest" is-config="true" duration-ms="110" started-at="2017-02-03T15:45:55Z" finished-at="2017-02-03T15:45:55Z">
          <reporter-output>
          </reporter-output>
        </test-method> <!-- afterTest -->
      </class> <!-- com.test.flipkart.SearchProduct -->
    </test> <!-- testTwo -->
  </suite> <!-- suiteOne -->
</testng-results>
